<?xml version="1.0" encoding="UTF-8"?>
<testsuite name="Start testing class Interview" tests="1" skipped="0" failures="0" errors="0" timestamp="2023-03-12T10:56:05" hostname="MYM2" time="0.018">
  <properties/>
  <testcase name="Should have correct constructor" classname="com.mym.homework.domain.InterviewTest" time="0.018"/>
  <system-out><![CDATA[]]></system-out>
  <system-err><![CDATA[]]></system-err>
</testsuite>
